<?xml version="1.0" encoding="UTF-8" ?>
<testsuite tests="10" failures="10" name="TestSuite" time="0.012" errors="0" skipped="0">
  <properties>
    <property name="java.runtime.name" value="Java(TM) SE Runtime Environment"/>
    <property name="java.vm.version" value="11.0.9+7-LTS"/>
    <property name="sun.boot.library.path" value="C:\Program Files\Java\jdk-11.0.9\bin"/>
    <property name="maven.multiModuleProjectDirectory" value="C:\Users\luis.toscano\IdeaProjects\Sauce_Demo"/>
    <property name="java.vm.vendor" value="Oracle Corporation"/>
    <property name="java.vendor.url" value="https://openjdk.java.net/"/>
    <property name="guice.disable.misplaced.annotation.check" value="true"/>
    <property name="path.separator" value=";"/>
    <property name="java.vm.name" value="Java HotSpot(TM) 64-Bit Server VM"/>
    <property name="sun.os.patch.level" value=""/>
    <property name="user.script" value=""/>
    <property name="user.country" value="US"/>
    <property name="sun.java.launcher" value="SUN_STANDARD"/>
    <property name="java.vm.specification.name" value="Java Virtual Machine Specification"/>
    <property name="user.dir" value="C:\Users\luis.toscano\IdeaProjects\Sauce_Demo"/>
    <property name="java.vm.compressedOopsMode" value="Zero based"/>
    <property name="java.runtime.version" value="11.0.9+7-LTS"/>
    <property name="java.awt.graphicsenv" value="sun.awt.Win32GraphicsEnvironment"/>
    <property name="os.arch" value="amd64"/>
    <property name="java.io.tmpdir" value="C:\Users\LUIS~1.TOS\AppData\Local\Temp\"/>
    <property name="line.separator" value="
"/>
    <property name="java.vm.specification.vendor" value="Oracle Corporation"/>
    <property name="user.variant" value=""/>
    <property name="os.name" value="Windows 10"/>
    <property name="classworlds.conf" value="C:\Tools\apache-maven-3.6.3-bin\apache-maven-3.6.3\bin\..\bin\m2.conf"/>
    <property name="sun.jnu.encoding" value="Cp1252"/>
    <property name="java.library.path" value="C:\Program Files\Java\jdk-11.0.9\bin;C:\windows\Sun\Java\bin;C:\windows\system32;C:\windows;C:\Program Files (x86)\Common Files\Oracle\Java\javapath;C:\windows\system32;C:\windows;C:\windows\System32\Wbem;C:\windows\System32\WindowsPowerShell\v1.0\;C:\windows\System32\OpenSSH\;C:\Tools\chromedriver_win32;C:\Program Files (x86)\Microsoft SQL Server\150\DTS\Binn\;C:\Program Files\Git\cmd;C:\Users\luis.toscano\AppData\Local\Microsoft\WindowsApps;C:\Users\luis.toscano\AppData\Local\Programs\Microsoft VS Code\bin;C:\Tools\apache-maven-3.6.3-bin\apache-maven-3.6.3\bin;;."/>
    <property name="maven.conf" value="C:\Tools\apache-maven-3.6.3-bin\apache-maven-3.6.3\bin\../conf"/>
    <property name="jdk.debug" value="release"/>
    <property name="java.class.version" value="55.0"/>
    <property name="java.specification.name" value="Java Platform API Specification"/>
    <property name="sun.management.compiler" value="HotSpot 64-Bit Tiered Compilers"/>
    <property name="os.version" value="10.0"/>
    <property name="library.jansi.path" value="C:\Tools\apache-maven-3.6.3-bin\apache-maven-3.6.3\bin\..\lib\jansi-native"/>
    <property name="user.home" value="C:\Users\luis.toscano"/>
    <property name="user.timezone" value="America/Mexico_City"/>
    <property name="java.awt.printerjob" value="sun.awt.windows.WPrinterJob"/>
    <property name="file.encoding" value="Cp1252"/>
    <property name="java.specification.version" value="11"/>
    <property name="user.name" value="luis.toscano"/>
    <property name="java.class.path" value="C:\Tools\apache-maven-3.6.3-bin\apache-maven-3.6.3\bin\..\boot\plexus-classworlds-2.6.0.jar"/>
    <property name="java.vm.specification.version" value="11"/>
    <property name="sun.arch.data.model" value="64"/>
    <property name="sun.java.command" value="org.codehaus.plexus.classworlds.launcher.Launcher test"/>
    <property name="java.home" value="C:\Program Files\Java\jdk-11.0.9"/>
    <property name="user.language" value="en"/>
    <property name="java.specification.vendor" value="Oracle Corporation"/>
    <property name="awt.toolkit" value="sun.awt.windows.WToolkit"/>
    <property name="java.vm.info" value="mixed mode"/>
    <property name="java.version" value="11.0.9"/>
    <property name="java.vendor" value="Oracle Corporation"/>
    <property name="sun.stderr.encoding" value="cp437"/>
    <property name="maven.home" value="C:\Tools\apache-maven-3.6.3-bin\apache-maven-3.6.3\bin\.."/>
    <property name="file.separator" value="\"/>
    <property name="java.version.date" value="2020-10-20"/>
    <property name="java.vendor.url.bug" value="https://bugreport.java.com/bugreport/"/>
    <property name="sun.io.unicode.encoding" value="UnicodeLittle"/>
    <property name="sun.cpu.endian" value="little"/>
    <property name="java.vendor.version" value="18.9"/>
    <property name="sun.stdout.encoding" value="cp437"/>
    <property name="sun.desktop" value="windows"/>
    <property name="sun.cpu.isalist" value="amd64"/>
  </properties>
  <testcase classname="Challenge.tests.TestCheckout" name="ValidatePurchaseCompleted" time="0.007">
    <failure type="java.lang.NullPointerException">java.lang.NullPointerException
	at Challenge.pages.BasePage.type(BasePage.java:16)
	at Challenge.pages.LoginPage.typeValidUsername(LoginPage.java:22)
	at Challenge.tests.TestCheckout.ValidatePurchaseCompleted(TestCheckout.java:94)
</failure>
    <system-out>Configuring TestNG with: org.apache.maven.surefire.testng.conf.TestNG652Configurator@6737fd8f
</system-out>
    <system-err>Starting ChromeDriver 85.0.4183.87 (cd6713ebf92fa1cacc0f1a598df280093af0c5d7-refs/branch-heads/4183@{#1689}) on port 9902
Only local connections are allowed.
Please see https://chromedriver.chromium.org/security-considerations for suggestions on keeping ChromeDriver safe.
ChromeDriver was started successfully.
[1604453108.529][WARNING]: This version of ChromeDriver has not been tested with Chrome version 86.
Nov 03, 2020 7:25:10 PM org.openqa.selenium.remote.ProtocolHandshake createSession
INFO: Detected dialect: W3C
</system-err>
  </testcase>
  <testcase classname="Challenge.tests.TestCheckout" name="validateItemsAddedInOverview" time="0">
    <failure type="java.lang.NullPointerException">java.lang.NullPointerException
	at Challenge.pages.BasePage.type(BasePage.java:16)
	at Challenge.pages.LoginPage.typeValidUsername(LoginPage.java:22)
	at Challenge.tests.TestCheckout.validateItemsAddedInOverview(TestCheckout.java:74)
</failure>
  </testcase>
  <testcase classname="Challenge.tests.TestCheckout" name="validateMissingZipCode" time="0">
    <failure type="java.lang.NullPointerException">java.lang.NullPointerException
	at Challenge.pages.BasePage.type(BasePage.java:16)
	at Challenge.pages.LoginPage.typeValidUsername(LoginPage.java:22)
	at Challenge.tests.TestCheckout.validateMissingZipCode(TestCheckout.java:40)
</failure>
  </testcase>
  <testcase classname="Challenge.tests.TestCheckout" name="validateOverviewNavigation" time="0">
    <failure type="java.lang.NullPointerException">java.lang.NullPointerException
	at Challenge.pages.BasePage.type(BasePage.java:16)
	at Challenge.pages.LoginPage.typeValidUsername(LoginPage.java:22)
	at Challenge.tests.TestCheckout.validateOverviewNavigation(TestCheckout.java:58)
</failure>
  </testcase>
  <testcase classname="Challenge.tests.TestLogin" name="testInvalidUser" time="0">
    <failure type="java.lang.NullPointerException">java.lang.NullPointerException
	at Challenge.pages.BasePage.type(BasePage.java:16)
	at Challenge.pages.LoginPage.typeInvalidUsername(LoginPage.java:34)
	at Challenge.tests.TestLogin.testInvalidUser(TestLogin.java:32)
</failure>
  </testcase>
  <testcase classname="Challenge.tests.TestLogin" name="testLogoutProductsPage" time="0.001">
    <failure type="java.lang.NullPointerException">java.lang.NullPointerException
	at Challenge.pages.BasePage.type(BasePage.java:16)
	at Challenge.pages.LoginPage.typeValidUsername(LoginPage.java:22)
	at Challenge.tests.TestLogin.testLogoutProductsPage(TestLogin.java:39)
</failure>
  </testcase>
  <testcase classname="Challenge.tests.TestLogin" name="testValidUser" time="0.001">
    <failure type="java.lang.NullPointerException">java.lang.NullPointerException
	at Challenge.pages.BasePage.type(BasePage.java:16)
	at Challenge.pages.LoginPage.typeValidUsername(LoginPage.java:22)
	at Challenge.tests.TestLogin.testValidUser(TestLogin.java:23)
</failure>
  </testcase>
  <testcase classname="Challenge.tests.TestShoppingCart" name="testShoppingCartNavigation" time="0.001">
    <failure type="java.lang.NullPointerException">java.lang.NullPointerException
	at Challenge.pages.BasePage.type(BasePage.java:16)
	at Challenge.pages.LoginPage.typeValidUsername(LoginPage.java:22)
	at Challenge.tests.TestShoppingCart.testShoppingCartNavigation(TestShoppingCart.java:30)
</failure>
  </testcase>
  <testcase classname="Challenge.tests.TestShoppingCart" name="validateShoppingCartMultipleItems" time="0.001">
    <failure type="java.lang.NullPointerException">java.lang.NullPointerException
	at Challenge.pages.BasePage.type(BasePage.java:16)
	at Challenge.pages.LoginPage.typeValidUsername(LoginPage.java:22)
	at Challenge.tests.TestShoppingCart.validateShoppingCartMultipleItems(TestShoppingCart.java:49)
</failure>
  </testcase>
  <testcase classname="Challenge.tests.TestShoppingCart" name="validateShoppingCartSingleItem" time="0.001">
    <failure type="java.lang.NullPointerException">java.lang.NullPointerException
	at Challenge.pages.BasePage.type(BasePage.java:16)
	at Challenge.pages.LoginPage.typeValidUsername(LoginPage.java:22)
	at Challenge.tests.TestShoppingCart.validateShoppingCartSingleItem(TestShoppingCart.java:39)
</failure>
  </testcase>
</testsuite>